<?xml version="1.0" encoding="UTF-8"?>
<testsuite name="TestSuite" time="29.837" tests="7" errors="0" skipped="0" failures="5">
  <properties>
[...]
</properties>
  <testcase name="halamanAwalKodePos" classname="Login" time="7.22">
    <failure message="Can not set io.appium.java_client.android.AndroidElement field pages.PageObjectHalamanAwal.guideLogin1 to org.openqa.selenium.remote.RemoteWebElement$$EnhancerByCGLIB$$d27c0df4" type="java.lang.IllegalArgumentException"><![CDATA[java.lang.IllegalArgumentException: Can not set io.appium.java_client.android.AndroidElement field pages.PageObjectHalamanAwal.guideLogin1 to org.openqa.selenium.remote.RemoteWebElement$$EnhancerByCGLIB$$d27c0df4
	at sun.reflect.UnsafeFieldAccessorImpl.throwSetIllegalArgumentException(UnsafeFieldAccessorImpl.java:167)
	at sun.reflect.UnsafeFieldAccessorImpl.throwSetIllegalArgumentException(UnsafeFieldAccessorImpl.java:171)
	at sun.reflect.UnsafeObjectFieldAccessorImpl.set(UnsafeObjectFieldAccessorImpl.java:81)
	at java.lang.reflect.Field.set(Field.java:764)
	at org.openqa.selenium.support.PageFactory.proxyFields(PageFactory.java:117)
	at org.openqa.selenium.support.PageFactory.initElements(PageFactory.java:105)
	at pages.BasePage.<init>(BasePage.java:16)
	at pages.PageObjectHalamanAwal.<init>(PageObjectHalamanAwal.java:10)
	at Login.halamanAwalKodePos(Login.java:27)
]]></failure>
    <system-err><![CDATA[org.openqa.selenium.SessionNotCreatedException: Unable to create a new remote session. Please check the server log for more details. Original error: An unknown server-side error occurred while processing the command. Original error: 'app' option is required for reinstall
Build info: version: '3.141.59', revision: 'e82be7d358', time: '2018-11-14T08:17:03'
System info: host: 'CAD4-ECOMMER', ip: '192.168.223.142', os.name: 'Windows 10', os.arch: 'amd64', os.version: '10.0', java.version: '1.8.0_241'
Driver info: driver.version: AndroidDriver
remote stacktrace: UnknownError: An unknown server-side error occurred while processing the command. Original error: 'app' option is required for reinstall
    at getResponseForW3CError (C:\Program Files\Appium\resources\app\node_modules\appium\node_modules\appium-base-driver\lib\protocol\errors.js:804:9)
    at asyncHandler (C:\Program Files\Appium\resources\app\node_modules\appium\node_modules\appium-base-driver\lib\protocol\protocol.js:388:37)
    at process._tickCallback (internal/process/next_tick.js:68:7)
Build info: version: '3.141.59', revision: 'e82be7d358', time: '2018-11-14T08:17:03'
System info: host: 'CAD4-ECOMMER', ip: '192.168.223.142', os.name: 'Windows 10', os.arch: 'amd64', os.version: '10.0', java.version: '1.8.0_241'
Driver info: driver.version: AndroidDriver
	at io.appium.java_client.remote.AppiumCommandExecutor$1.createSession(AppiumCommandExecutor.java:208)
	at io.appium.java_client.remote.AppiumCommandExecutor.createSession(AppiumCommandExecutor.java:217)
	at io.appium.java_client.remote.AppiumCommandExecutor.execute(AppiumCommandExecutor.java:239)
	at org.openqa.selenium.remote.RemoteWebDriver.execute(RemoteWebDriver.java:552)
	at io.appium.java_client.DefaultGenericMobileDriver.execute(DefaultGenericMobileDriver.java:41)
	at io.appium.java_client.AppiumDriver.execute(AppiumDriver.java:1)
	at io.appium.java_client.android.AndroidDriver.execute(AndroidDriver.java:1)
	at org.openqa.selenium.remote.RemoteWebDriver.startSession(RemoteWebDriver.java:213)
	at io.appium.java_client.AppiumDriver.startSession(AppiumDriver.java:336)
	at org.openqa.selenium.remote.RemoteWebDriver.<init>(RemoteWebDriver.java:131)
	at io.appium.java_client.DefaultGenericMobileDriver.<init>(DefaultGenericMobileDriver.java:37)
	at io.appium.java_client.AppiumDriver.<init>(AppiumDriver.java:88)
	at io.appium.java_client.AppiumDriver.<init>(AppiumDriver.java:98)
	at io.appium.java_client.android.AndroidDriver.<init>(AndroidDriver.java:94)
	at utils.Utility.getAndroidDriver(Utility.java:21)
	at Login.<init>(Login.java:18)
	at sun.reflect.NativeConstructorAccessorImpl.newInstance0(Native Method)
	at sun.reflect.NativeConstructorAccessorImpl.newInstance(NativeConstructorAccessorImpl.java:62)
	at sun.reflect.DelegatingConstructorAccessorImpl.newInstance(DelegatingConstructorAccessorImpl.java:45)
	at java.lang.reflect.Constructor.newInstance(Constructor.java:423)
	at org.testng.internal.ObjectFactoryImpl.newInstance(ObjectFactoryImpl.java:23)
	at org.testng.internal.InstanceCreator.instantiateUsingDefaultConstructor(InstanceCreator.java:193)
	at org.testng.internal.InstanceCreator.createInstanceUsingObjectFactory(InstanceCreator.java:113)
	at org.testng.internal.InstanceCreator.createInstance(InstanceCreator.java:79)
	at org.testng.internal.ClassImpl.getDefaultInstance(ClassImpl.java:109)
	at org.testng.internal.ClassImpl.getInstances(ClassImpl.java:167)
	at org.testng.TestClass.getInstances(TestClass.java:102)
	at org.testng.TestClass.initTestClassesAndInstances(TestClass.java:82)
	at org.testng.TestClass.init(TestClass.java:74)
	at org.testng.TestClass.<init>(TestClass.java:39)
	at org.testng.TestRunner.initMethods(TestRunner.java:459)
	at org.testng.TestRunner.init(TestRunner.java:338)
	at org.testng.TestRunner.init(TestRunner.java:291)
	at org.testng.TestRunner.<init>(TestRunner.java:179)
	at org.testng.SuiteRunner$DefaultTestRunnerFactory.newTestRunner(SuiteRunner.java:613)
	at org.testng.SuiteRunner.init(SuiteRunner.java:178)
	at org.testng.SuiteRunner.<init>(SuiteRunner.java:112)
	at org.testng.TestNG.createSuiteRunner(TestNG.java:1275)
	at org.testng.TestNG.createSuiteRunners(TestNG.java:1251)
	at org.testng.TestNG.runSuitesLocally(TestNG.java:1100)
	at org.testng.TestNG.runSuites(TestNG.java:1039)
	at org.testng.TestNG.run(TestNG.java:1007)
	at org.apache.maven.surefire.testng.TestNGExecutor.run(TestNGExecutor.java:295)
	at org.apache.maven.surefire.testng.TestNGXmlTestSuite.execute(TestNGXmlTestSuite.java:84)
	at org.apache.maven.surefire.testng.TestNGProvider.invoke(TestNGProvider.java:90)
	at org.apache.maven.surefire.booter.ForkedBooter.invokeProviderInSameClassLoader(ForkedBooter.java:203)
	at org.apache.maven.surefire.booter.ForkedBooter.runSuitesInProcess(ForkedBooter.java:155)
	at org.apache.maven.surefire.booter.ForkedBooter.main(ForkedBooter.java:103)
Caused by: java.lang.reflect.InvocationTargetException
	at sun.reflect.NativeMethodAccessorImpl.invoke0(Native Method)
	at sun.reflect.NativeMethodAccessorImpl.invoke(NativeMethodAccessorImpl.java:62)
	at sun.reflect.DelegatingMethodAccessorImpl.invoke(DelegatingMethodAccessorImpl.java:43)
	at java.lang.reflect.Method.invoke(Method.java:498)
	at io.appium.java_client.remote.AppiumCommandExecutor$1.createSession(AppiumCommandExecutor.java:186)
	... 47 more
Caused by: org.openqa.selenium.WebDriverException: An unknown server-side error occurred while processing the command. Original error: 'app' option is required for reinstall
Build info: version: '3.141.59', revision: 'e82be7d358', time: '2018-11-14T08:17:03'
System info: host: 'CAD4-ECOMMER', ip: '192.168.223.142', os.name: 'Windows 10', os.arch: 'amd64', os.version: '10.0', java.version: '1.8.0_241'
Driver info: driver.version: AndroidDriver
remote stacktrace: UnknownError: An unknown server-side error occurred while processing the command. Original error: 'app' option is required for reinstall
    at getResponseForW3CError (C:\Program Files\Appium\resources\app\node_modules\appium\node_modules\appium-base-driver\lib\protocol\errors.js:804:9)
    at asyncHandler (C:\Program Files\Appium\resources\app\node_modules\appium\node_modules\appium-base-driver\lib\protocol\protocol.js:388:37)
    at process._tickCallback (internal/process/next_tick.js:68:7)
	at sun.reflect.NativeConstructorAccessorImpl.newInstance0(Native Method)
	at sun.reflect.NativeConstructorAccessorImpl.newInstance(NativeConstructorAccessorImpl.java:62)
	at sun.reflect.DelegatingConstructorAccessorImpl.newInstance(DelegatingConstructorAccessorImpl.java:45)
	at java.lang.reflect.Constructor.newInstance(Constructor.java:423)
	at org.openqa.selenium.remote.W3CHandshakeResponse.lambda$errorHandler$0(W3CHandshakeResponse.java:62)
	at org.openqa.selenium.remote.HandshakeResponse.lambda$getResponseFunction$0(HandshakeResponse.java:30)
	at org.openqa.selenium.remote.ProtocolHandshake.lambda$createSession$0(ProtocolHandshake.java:126)
	at java.util.stream.ReferencePipeline$3$1.accept(ReferencePipeline.java:193)
	at java.util.Spliterators$ArraySpliterator.tryAdvance(Spliterators.java:958)
	at java.util.stream.ReferencePipeline.forEachWithCancel(ReferencePipeline.java:126)
	at java.util.stream.AbstractPipeline.copyIntoWithCancel(AbstractPipeline.java:499)
	at java.util.stream.AbstractPipeline.copyInto(AbstractPipeline.java:486)
	at java.util.stream.AbstractPipeline.wrapAndCopyInto(AbstractPipeline.java:472)
	at java.util.stream.FindOps$FindOp.evaluateSequential(FindOps.java:152)
	at java.util.stream.AbstractPipeline.evaluate(AbstractPipeline.java:234)
	at java.util.stream.ReferencePipeline.findFirst(ReferencePipeline.java:464)
	at org.openqa.selenium.remote.ProtocolHandshake.createSession(ProtocolHandshake.java:128)
	... 52 more
org.openqa.selenium.SessionNotCreatedException: Unable to create a new remote session. Please check the server log for more details. Original error: An unknown server-side error occurred while processing the command. Original error: 'app' option is required for reinstall
Build info: version: '3.141.59', revision: 'e82be7d358', time: '2018-11-14T08:17:03'
System info: host: 'CAD4-ECOMMER', ip: '192.168.223.142', os.name: 'Windows 10', os.arch: 'amd64', os.version: '10.0', java.version: '1.8.0_241'
Driver info: driver.version: AndroidDriver
remote stacktrace: UnknownError: An unknown server-side error occurred while processing the command. Original error: 'app' option is required for reinstall
    at getResponseForW3CError (C:\Program Files\Appium\resources\app\node_modules\appium\node_modules\appium-base-driver\lib\protocol\errors.js:804:9)
    at asyncHandler (C:\Program Files\Appium\resources\app\node_modules\appium\node_modules\appium-base-driver\lib\protocol\protocol.js:388:37)
    at process._tickCallback (internal/process/next_tick.js:68:7)
Build info: version: '3.141.59', revision: 'e82be7d358', time: '2018-11-14T08:17:03'
System info: host: 'CAD4-ECOMMER', ip: '192.168.223.142', os.name: 'Windows 10', os.arch: 'amd64', os.version: '10.0', java.version: '1.8.0_241'
Driver info: driver.version: AndroidDriver
	at io.appium.java_client.remote.AppiumCommandExecutor$1.createSession(AppiumCommandExecutor.java:208)
	at io.appium.java_client.remote.AppiumCommandExecutor.createSession(AppiumCommandExecutor.java:217)
	at io.appium.java_client.remote.AppiumCommandExecutor.execute(AppiumCommandExecutor.java:239)
	at org.openqa.selenium.remote.RemoteWebDriver.execute(RemoteWebDriver.java:552)
	at io.appium.java_client.DefaultGenericMobileDriver.execute(DefaultGenericMobileDriver.java:41)
	at io.appium.java_client.AppiumDriver.execute(AppiumDriver.java:1)
	at io.appium.java_client.android.AndroidDriver.execute(AndroidDriver.java:1)
	at org.openqa.selenium.remote.RemoteWebDriver.startSession(RemoteWebDriver.java:213)
	at io.appium.java_client.AppiumDriver.startSession(AppiumDriver.java:336)
	at org.openqa.selenium.remote.RemoteWebDriver.<init>(RemoteWebDriver.java:131)
	at io.appium.java_client.DefaultGenericMobileDriver.<init>(DefaultGenericMobileDriver.java:37)
	at io.appium.java_client.AppiumDriver.<init>(AppiumDriver.java:88)
	at io.appium.java_client.AppiumDriver.<init>(AppiumDriver.java:98)
	at io.appium.java_client.android.AndroidDriver.<init>(AndroidDriver.java:94)
	at utils.Utility.getAndroidDriver(Utility.java:21)
	at UbahDataPersonalTestCase.<init>(UbahDataPersonalTestCase.java:20)
	at sun.reflect.NativeConstructorAccessorImpl.newInstance0(Native Method)
	at sun.reflect.NativeConstructorAccessorImpl.newInstance(NativeConstructorAccessorImpl.java:62)
	at sun.reflect.DelegatingConstructorAccessorImpl.newInstance(DelegatingConstructorAccessorImpl.java:45)
	at java.lang.reflect.Constructor.newInstance(Constructor.java:423)
	at org.testng.internal.ObjectFactoryImpl.newInstance(ObjectFactoryImpl.java:23)
	at org.testng.internal.InstanceCreator.instantiateUsingDefaultConstructor(InstanceCreator.java:193)
	at org.testng.internal.InstanceCreator.createInstanceUsingObjectFactory(InstanceCreator.java:113)
	at org.testng.internal.InstanceCreator.createInstance(InstanceCreator.java:79)
	at org.testng.internal.ClassImpl.getDefaultInstance(ClassImpl.java:109)
	at org.testng.internal.ClassImpl.getInstances(ClassImpl.java:167)
	at org.testng.TestClass.getInstances(TestClass.java:102)
	at org.testng.TestClass.initTestClassesAndInstances(TestClass.java:82)
	at org.testng.TestClass.init(TestClass.java:74)
	at org.testng.TestClass.<init>(TestClass.java:39)
	at org.testng.TestRunner.initMethods(TestRunner.java:459)
	at org.testng.TestRunner.init(TestRunner.java:338)
	at org.testng.TestRunner.init(TestRunner.java:291)
	at org.testng.TestRunner.<init>(TestRunner.java:179)
	at org.testng.SuiteRunner$DefaultTestRunnerFactory.newTestRunner(SuiteRunner.java:613)
	at org.testng.SuiteRunner.init(SuiteRunner.java:178)
	at org.testng.SuiteRunner.<init>(SuiteRunner.java:112)
	at org.testng.TestNG.createSuiteRunner(TestNG.java:1275)
	at org.testng.TestNG.createSuiteRunners(TestNG.java:1251)
	at org.testng.TestNG.runSuitesLocally(TestNG.java:1100)
	at org.testng.TestNG.runSuites(TestNG.java:1039)
	at org.testng.TestNG.run(TestNG.java:1007)
	at org.apache.maven.surefire.testng.TestNGExecutor.run(TestNGExecutor.java:295)
	at org.apache.maven.surefire.testng.TestNGXmlTestSuite.execute(TestNGXmlTestSuite.java:84)
	at org.apache.maven.surefire.testng.TestNGProvider.invoke(TestNGProvider.java:90)
	at org.apache.maven.surefire.booter.ForkedBooter.invokeProviderInSameClassLoader(ForkedBooter.java:203)
	at org.apache.maven.surefire.booter.ForkedBooter.runSuitesInProcess(ForkedBooter.java:155)
	at org.apache.maven.surefire.booter.ForkedBooter.main(ForkedBooter.java:103)
Caused by: java.lang.reflect.InvocationTargetException
	at sun.reflect.NativeMethodAccessorImpl.invoke0(Native Method)
	at sun.reflect.NativeMethodAccessorImpl.invoke(NativeMethodAccessorImpl.java:62)
	at sun.reflect.DelegatingMethodAccessorImpl.invoke(DelegatingMethodAccessorImpl.java:43)
	at java.lang.reflect.Method.invoke(Method.java:498)
	at io.appium.java_client.remote.AppiumCommandExecutor$1.createSession(AppiumCommandExecutor.java:186)
	... 47 more
Caused by: org.openqa.selenium.WebDriverException: An unknown server-side error occurred while processing the command. Original error: 'app' option is required for reinstall
Build info: version: '3.141.59', revision: 'e82be7d358', time: '2018-11-14T08:17:03'
System info: host: 'CAD4-ECOMMER', ip: '192.168.223.142', os.name: 'Windows 10', os.arch: 'amd64', os.version: '10.0', java.version: '1.8.0_241'
Driver info: driver.version: AndroidDriver
remote stacktrace: UnknownError: An unknown server-side error occurred while processing the command. Original error: 'app' option is required for reinstall
    at getResponseForW3CError (C:\Program Files\Appium\resources\app\node_modules\appium\node_modules\appium-base-driver\lib\protocol\errors.js:804:9)
    at asyncHandler (C:\Program Files\Appium\resources\app\node_modules\appium\node_modules\appium-base-driver\lib\protocol\protocol.js:388:37)
    at process._tickCallback (internal/process/next_tick.js:68:7)
	at sun.reflect.NativeConstructorAccessorImpl.newInstance0(Native Method)
	at sun.reflect.NativeConstructorAccessorImpl.newInstance(NativeConstructorAccessorImpl.java:62)
	at sun.reflect.DelegatingConstructorAccessorImpl.newInstance(DelegatingConstructorAccessorImpl.java:45)
	at java.lang.reflect.Constructor.newInstance(Constructor.java:423)
	at org.openqa.selenium.remote.W3CHandshakeResponse.lambda$errorHandler$0(W3CHandshakeResponse.java:62)
	at org.openqa.selenium.remote.HandshakeResponse.lambda$getResponseFunction$0(HandshakeResponse.java:30)
	at org.openqa.selenium.remote.ProtocolHandshake.lambda$createSession$0(ProtocolHandshake.java:126)
	at java.util.stream.ReferencePipeline$3$1.accept(ReferencePipeline.java:193)
	at java.util.Spliterators$ArraySpliterator.tryAdvance(Spliterators.java:958)
	at java.util.stream.ReferencePipeline.forEachWithCancel(ReferencePipeline.java:126)
	at java.util.stream.AbstractPipeline.copyIntoWithCancel(AbstractPipeline.java:499)
	at java.util.stream.AbstractPipeline.copyInto(AbstractPipeline.java:486)
	at java.util.stream.AbstractPipeline.wrapAndCopyInto(AbstractPipeline.java:472)
	at java.util.stream.FindOps$FindOp.evaluateSequential(FindOps.java:152)
	at java.util.stream.AbstractPipeline.evaluate(AbstractPipeline.java:234)
	at java.util.stream.ReferencePipeline.findFirst(ReferencePipeline.java:464)
	at org.openqa.selenium.remote.ProtocolHandshake.createSession(ProtocolHandshake.java:128)
	... 52 more
]]></system-err>
  </testcase>
  <testcase name="loginSuccessfull" classname="Login" time="5.002">
    <failure message="Can not set io.appium.java_client.android.AndroidElement field pages.PageObjectHalamanLogin.btnLogin to org.openqa.selenium.remote.RemoteWebElement$$EnhancerByCGLIB$$d27c0df4" type="java.lang.IllegalArgumentException"><![CDATA[java.lang.IllegalArgumentException: Can not set io.appium.java_client.android.AndroidElement field pages.PageObjectHalamanLogin.btnLogin to org.openqa.selenium.remote.RemoteWebElement$$EnhancerByCGLIB$$d27c0df4
	at sun.reflect.UnsafeFieldAccessorImpl.throwSetIllegalArgumentException(UnsafeFieldAccessorImpl.java:167)
	at sun.reflect.UnsafeFieldAccessorImpl.throwSetIllegalArgumentException(UnsafeFieldAccessorImpl.java:171)
	at sun.reflect.UnsafeObjectFieldAccessorImpl.set(UnsafeObjectFieldAccessorImpl.java:81)
	at java.lang.reflect.Field.set(Field.java:764)
	at org.openqa.selenium.support.PageFactory.proxyFields(PageFactory.java:117)
	at org.openqa.selenium.support.PageFactory.initElements(PageFactory.java:105)
	at pages.BasePage.<init>(BasePage.java:16)
	at pages.PageObjectHalamanLogin.<init>(PageObjectHalamanLogin.java:11)
	at Login.loginSuccessfull(Login.java:103)
]]></failure>
  </testcase>
  <testcase name="logOut" classname="Login" time="0.008"/>
  <testcase name="halamanAwalKodePos" classname="UbahDataPersonalTestCase" time="7.002">
    <failure message="Can not set io.appium.java_client.android.AndroidElement field pages.PageObjectHalamanAwal.guideLogin1 to org.openqa.selenium.remote.RemoteWebElement$$EnhancerByCGLIB$$d27c0df4" type="java.lang.IllegalArgumentException"><![CDATA[java.lang.IllegalArgumentException: Can not set io.appium.java_client.android.AndroidElement field pages.PageObjectHalamanAwal.guideLogin1 to org.openqa.selenium.remote.RemoteWebElement$$EnhancerByCGLIB$$d27c0df4
	at sun.reflect.UnsafeFieldAccessorImpl.throwSetIllegalArgumentException(UnsafeFieldAccessorImpl.java:167)
	at sun.reflect.UnsafeFieldAccessorImpl.throwSetIllegalArgumentException(UnsafeFieldAccessorImpl.java:171)
	at sun.reflect.UnsafeObjectFieldAccessorImpl.set(UnsafeObjectFieldAccessorImpl.java:81)
	at java.lang.reflect.Field.set(Field.java:764)
	at org.openqa.selenium.support.PageFactory.proxyFields(PageFactory.java:117)
	at org.openqa.selenium.support.PageFactory.initElements(PageFactory.java:105)
	at pages.BasePage.<init>(BasePage.java:16)
	at pages.PageObjectHalamanAwal.<init>(PageObjectHalamanAwal.java:10)
	at UbahDataPersonalTestCase.halamanAwalKodePos(UbahDataPersonalTestCase.java:32)
]]></failure>
    <system-out><![CDATA[PASSED: logOut
FAILED: halamanAwalKodePos
java.lang.IllegalArgumentException: Can not set io.appium.java_client.android.AndroidElement field pages.PageObjectHalamanAwal.guideLogin1 to org.openqa.selenium.remote.RemoteWebElement$$EnhancerByCGLIB$$d27c0df4
	at sun.reflect.UnsafeFieldAccessorImpl.throwSetIllegalArgumentException(UnsafeFieldAccessorImpl.java:167)
	at sun.reflect.UnsafeFieldAccessorImpl.throwSetIllegalArgumentException(UnsafeFieldAccessorImpl.java:171)
	at sun.reflect.UnsafeObjectFieldAccessorImpl.set(UnsafeObjectFieldAccessorImpl.java:81)
	at java.lang.reflect.Field.set(Field.java:764)
	at org.openqa.selenium.support.PageFactory.proxyFields(PageFactory.java:117)
	at org.openqa.selenium.support.PageFactory.initElements(PageFactory.java:105)
	at pages.BasePage.<init>(BasePage.java:16)
	at pages.PageObjectHalamanAwal.<init>(PageObjectHalamanAwal.java:10)
	at Login.halamanAwalKodePos(Login.java:27)
	at sun.reflect.NativeMethodAccessorImpl.invoke0(Native Method)
	at sun.reflect.NativeMethodAccessorImpl.invoke(NativeMethodAccessorImpl.java:62)
	at sun.reflect.DelegatingMethodAccessorImpl.invoke(DelegatingMethodAccessorImpl.java:43)
	at java.lang.reflect.Method.invoke(Method.java:498)
	at org.testng.internal.MethodInvocationHelper.invokeMethod(MethodInvocationHelper.java:134)
	at org.testng.internal.TestInvoker.invokeMethod(TestInvoker.java:597)
	at org.testng.internal.TestInvoker.invokeTestMethod(TestInvoker.java:173)
	at org.testng.internal.MethodRunner.runInSequence(MethodRunner.java:46)
	at org.testng.internal.TestInvoker$MethodInvocationAgent.invoke(TestInvoker.java:816)
	at org.testng.internal.TestInvoker.invokeTestMethods(TestInvoker.java:146)
	at org.testng.internal.TestMethodWorker.invokeTestMethods(TestMethodWorker.java:146)
	at org.testng.internal.TestMethodWorker.run(TestMethodWorker.java:128)
	at java.util.ArrayList.forEach(ArrayList.java:1257)
	at org.testng.TestRunner.privateRun(TestRunner.java:766)
	at org.testng.TestRunner.run(TestRunner.java:587)
	at org.testng.SuiteRunner.runTest(SuiteRunner.java:384)
	at org.testng.SuiteRunner.runSequentially(SuiteRunner.java:378)
	at org.testng.SuiteRunner.privateRun(SuiteRunner.java:337)
	at org.testng.SuiteRunner.run(SuiteRunner.java:286)
	at org.testng.SuiteRunnerWorker.runSuite(SuiteRunnerWorker.java:53)
	at org.testng.SuiteRunnerWorker.run(SuiteRunnerWorker.java:96)
	at org.testng.TestNG.runSuitesSequentially(TestNG.java:1187)
	at org.testng.TestNG.runSuitesLocally(TestNG.java:1109)
	at org.testng.TestNG.runSuites(TestNG.java:1039)
	at org.testng.TestNG.run(TestNG.java:1007)
	at org.apache.maven.surefire.testng.TestNGExecutor.run(TestNGExecutor.java:295)
	at org.apache.maven.surefire.testng.TestNGXmlTestSuite.execute(TestNGXmlTestSuite.java:84)
	at org.apache.maven.surefire.testng.TestNGProvider.invoke(TestNGProvider.java:90)
	at org.apache.maven.surefire.booter.ForkedBooter.invokeProviderInSameClassLoader(ForkedBooter.java:203)
	at org.apache.maven.surefire.booter.ForkedBooter.runSuitesInProcess(ForkedBooter.java:155)
	at org.apache.maven.surefire.booter.ForkedBooter.main(ForkedBooter.java:103)

FAILED: loginSuccessfull
java.lang.IllegalArgumentException: Can not set io.appium.java_client.android.AndroidElement field pages.PageObjectHalamanLogin.btnLogin to org.openqa.selenium.remote.RemoteWebElement$$EnhancerByCGLIB$$d27c0df4
	at sun.reflect.UnsafeFieldAccessorImpl.throwSetIllegalArgumentException(UnsafeFieldAccessorImpl.java:167)
	at sun.reflect.UnsafeFieldAccessorImpl.throwSetIllegalArgumentException(UnsafeFieldAccessorImpl.java:171)
	at sun.reflect.UnsafeObjectFieldAccessorImpl.set(UnsafeObjectFieldAccessorImpl.java:81)
	at java.lang.reflect.Field.set(Field.java:764)
	at org.openqa.selenium.support.PageFactory.proxyFields(PageFactory.java:117)
	at org.openqa.selenium.support.PageFactory.initElements(PageFactory.java:105)
	at pages.BasePage.<init>(BasePage.java:16)
	at pages.PageObjectHalamanLogin.<init>(PageObjectHalamanLogin.java:11)
	at Login.loginSuccessfull(Login.java:103)
	at sun.reflect.NativeMethodAccessorImpl.invoke0(Native Method)
	at sun.reflect.NativeMethodAccessorImpl.invoke(NativeMethodAccessorImpl.java:62)
	at sun.reflect.DelegatingMethodAccessorImpl.invoke(DelegatingMethodAccessorImpl.java:43)
	at java.lang.reflect.Method.invoke(Method.java:498)
	at org.testng.internal.MethodInvocationHelper.invokeMethod(MethodInvocationHelper.java:134)
	at org.testng.internal.TestInvoker.invokeMethod(TestInvoker.java:597)
	at org.testng.internal.TestInvoker.invokeTestMethod(TestInvoker.java:173)
	at org.testng.internal.MethodRunner.runInSequence(MethodRunner.java:46)
	at org.testng.internal.TestInvoker$MethodInvocationAgent.invoke(TestInvoker.java:816)
	at org.testng.internal.TestInvoker.invokeTestMethods(TestInvoker.java:146)
	at org.testng.internal.TestMethodWorker.invokeTestMethods(TestMethodWorker.java:146)
	at org.testng.internal.TestMethodWorker.run(TestMethodWorker.java:128)
	at java.util.ArrayList.forEach(ArrayList.java:1257)
	at org.testng.TestRunner.privateRun(TestRunner.java:766)
	at org.testng.TestRunner.run(TestRunner.java:587)
	at org.testng.SuiteRunner.runTest(SuiteRunner.java:384)
	at org.testng.SuiteRunner.runSequentially(SuiteRunner.java:378)
	at org.testng.SuiteRunner.privateRun(SuiteRunner.java:337)
	at org.testng.SuiteRunner.run(SuiteRunner.java:286)
	at org.testng.SuiteRunnerWorker.runSuite(SuiteRunnerWorker.java:53)
	at org.testng.SuiteRunnerWorker.run(SuiteRunnerWorker.java:96)
	at org.testng.TestNG.runSuitesSequentially(TestNG.java:1187)
	at org.testng.TestNG.runSuitesLocally(TestNG.java:1109)
	at org.testng.TestNG.runSuites(TestNG.java:1039)
	at org.testng.TestNG.run(TestNG.java:1007)
	at org.apache.maven.surefire.testng.TestNGExecutor.run(TestNGExecutor.java:295)
	at org.apache.maven.surefire.testng.TestNGXmlTestSuite.execute(TestNGXmlTestSuite.java:84)
	at org.apache.maven.surefire.testng.TestNGProvider.invoke(TestNGProvider.java:90)
	at org.apache.maven.surefire.booter.ForkedBooter.invokeProviderInSameClassLoader(ForkedBooter.java:203)
	at org.apache.maven.surefire.booter.ForkedBooter.runSuitesInProcess(ForkedBooter.java:155)
	at org.apache.maven.surefire.booter.ForkedBooter.main(ForkedBooter.java:103)


===============================================
    D:/Test/OtomasiTesting
    Tests run: 3, Failures: 2, Skips: 0
===============================================

]]></system-out>
  </testcase>
  <testcase name="loginSuccessfull" classname="UbahDataPersonalTestCase" time="5">
    <failure message="Can not set io.appium.java_client.android.AndroidElement field pages.PageObjectHalamanLogin.btnLogin to org.openqa.selenium.remote.RemoteWebElement$$EnhancerByCGLIB$$d27c0df4" type="java.lang.IllegalArgumentException"><![CDATA[java.lang.IllegalArgumentException: Can not set io.appium.java_client.android.AndroidElement field pages.PageObjectHalamanLogin.btnLogin to org.openqa.selenium.remote.RemoteWebElement$$EnhancerByCGLIB$$d27c0df4
	at sun.reflect.UnsafeFieldAccessorImpl.throwSetIllegalArgumentException(UnsafeFieldAccessorImpl.java:167)
	at sun.reflect.UnsafeFieldAccessorImpl.throwSetIllegalArgumentException(UnsafeFieldAccessorImpl.java:171)
	at sun.reflect.UnsafeObjectFieldAccessorImpl.set(UnsafeObjectFieldAccessorImpl.java:81)
	at java.lang.reflect.Field.set(Field.java:764)
	at org.openqa.selenium.support.PageFactory.proxyFields(PageFactory.java:117)
	at org.openqa.selenium.support.PageFactory.initElements(PageFactory.java:105)
	at pages.BasePage.<init>(BasePage.java:16)
	at pages.PageObjectHalamanLogin.<init>(PageObjectHalamanLogin.java:11)
	at UbahDataPersonalTestCase.loginSuccessfull(UbahDataPersonalTestCase.java:56)
]]></failure>
  </testcase>
  <testcase name="halamanEditProfil" classname="UbahDataPersonalTestCase" time="5.005">
    <failure message="Can not set io.appium.java_client.android.AndroidElement field pages.PageObjectHalamanPersonal.btnHalamanPersonal to org.openqa.selenium.remote.RemoteWebElement$$EnhancerByCGLIB$$d27c0df4" type="java.lang.IllegalArgumentException"><![CDATA[java.lang.IllegalArgumentException: Can not set io.appium.java_client.android.AndroidElement field pages.PageObjectHalamanPersonal.btnHalamanPersonal to org.openqa.selenium.remote.RemoteWebElement$$EnhancerByCGLIB$$d27c0df4
	at sun.reflect.UnsafeFieldAccessorImpl.throwSetIllegalArgumentException(UnsafeFieldAccessorImpl.java:167)
	at sun.reflect.UnsafeFieldAccessorImpl.throwSetIllegalArgumentException(UnsafeFieldAccessorImpl.java:171)
	at sun.reflect.UnsafeObjectFieldAccessorImpl.set(UnsafeObjectFieldAccessorImpl.java:81)
	at java.lang.reflect.Field.set(Field.java:764)
	at org.openqa.selenium.support.PageFactory.proxyFields(PageFactory.java:117)
	at org.openqa.selenium.support.PageFactory.initElements(PageFactory.java:105)
	at pages.BasePage.<init>(BasePage.java:16)
	at pages.PageObjectHalamanPersonal.<init>(PageObjectHalamanPersonal.java:10)
	at UbahDataPersonalTestCase.halamanEditProfil(UbahDataPersonalTestCase.java:89)
]]></failure>
  </testcase>
  <testcase name="iSakuConnect" classname="UbahDataPersonalTestCase" time="0.6"/>
</testsuite>