-------------------------------------------------------------------------------
Test set: TestSuite
-------------------------------------------------------------------------------
Tests run: 3, Failures: 2, Errors: 0, Skipped: 0, Time elapsed: 129.795 sec <<< FAILURE! - in TestSuite
halamanAwalKodePos(Login)  Time elapsed: 7.688 sec  <<< FAILURE!
java.lang.IllegalArgumentException: Can not set io.appium.java_client.android.AndroidElement field pages.PageObjectHalamanAwal.guideLogin1 to org.openqa.selenium.remote.RemoteWebElement$$EnhancerByCGLIB$$d27c0df4
	at sun.reflect.UnsafeFieldAccessorImpl.throwSetIllegalArgumentException(UnsafeFieldAccessorImpl.java:167)
	at sun.reflect.UnsafeFieldAccessorImpl.throwSetIllegalArgumentException(UnsafeFieldAccessorImpl.java:171)
	at sun.reflect.UnsafeObjectFieldAccessorImpl.set(UnsafeObjectFieldAccessorImpl.java:81)
	at java.lang.reflect.Field.set(Field.java:764)
	at org.openqa.selenium.support.PageFactory.proxyFields(PageFactory.java:117)
	at org.openqa.selenium.support.PageFactory.initElements(PageFactory.java:105)
	at pages.BasePage.<init>(BasePage.java:16)
	at pages.PageObjectHalamanAwal.<init>(PageObjectHalamanAwal.java:10)
	at Login.halamanAwalKodePos(Login.java:27)

loginSuccessfull(Login)  Time elapsed: 5.002 sec  <<< FAILURE!
java.lang.IllegalArgumentException: Can not set io.appium.java_client.android.AndroidElement field pages.PageObjectHalamanLogin.btnLogin to org.openqa.selenium.remote.RemoteWebElement$$EnhancerByCGLIB$$d27c0df4
	at sun.reflect.UnsafeFieldAccessorImpl.throwSetIllegalArgumentException(UnsafeFieldAccessorImpl.java:167)
	at sun.reflect.UnsafeFieldAccessorImpl.throwSetIllegalArgumentException(UnsafeFieldAccessorImpl.java:171)
	at sun.reflect.UnsafeObjectFieldAccessorImpl.set(UnsafeObjectFieldAccessorImpl.java:81)
	at java.lang.reflect.Field.set(Field.java:764)
	at org.openqa.selenium.support.PageFactory.proxyFields(PageFactory.java:117)
	at org.openqa.selenium.support.PageFactory.initElements(PageFactory.java:105)
	at pages.BasePage.<init>(BasePage.java:16)
	at pages.PageObjectHalamanLogin.<init>(PageObjectHalamanLogin.java:11)
	at Login.loginSuccessfull(Login.java:103)

