<?xml version="1.0" encoding="UTF-8"?>
<testng-results skipped="0" failed="5" ignored="10" total="17" passed="2">
  <reporter-output>
  </reporter-output>
  <suite name="Suite" duration-ms="12257" started-at="2020-06-02T15:30:44 ICT" finished-at="2020-06-02T15:30:57 ICT">
    <groups>
    </groups>
    <test name="D:/Test/OtomasiTesting" duration-ms="12257" started-at="2020-06-02T15:30:44 ICT" finished-at="2020-06-02T15:30:57 ICT">
      <class name="Login">
        <test-method status="PASS" signature="reportSetup()[pri:0, instance:Login@57d7f8ca]" name="reportSetup" is-config="true" duration-ms="309" started-at="2020-06-02T15:30:44 ICT" finished-at="2020-06-02T15:30:44 ICT">
          <reporter-output>
          </reporter-output>
        </test-method> <!-- reportSetup -->
        <test-method status="PASS" signature="register(java.lang.reflect.Method)[pri:0, instance:Login@57d7f8ca]" name="register" is-config="true" duration-ms="3" started-at="2020-06-02T15:30:44 ICT" finished-at="2020-06-02T15:30:44 ICT">
          <params>
            <param index="0">
              <value>
                <![CDATA[public void Login.halamanAwalKodePos()]]>
              </value>
            </param>
          </params>
          <reporter-output>
          </reporter-output>
        </test-method> <!-- register -->
        <test-method status="FAIL" signature="halamanAwalKodePos()[pri:1, instance:Login@57d7f8ca]" name="halamanAwalKodePos" duration-ms="7194" started-at="2020-06-02T15:30:44 ICT" finished-at="2020-06-02T15:30:51 ICT">
          <exception class="java.lang.IllegalArgumentException">
            <message>
              <![CDATA[Can not set io.appium.java_client.android.AndroidElement field pages.PageObjectHalamanAwal.guideLogin1 to org.openqa.selenium.remote.RemoteWebElement$$EnhancerByCGLIB$$d27c0df4]]>
            </message>
            <full-stacktrace>
              <![CDATA[java.lang.IllegalArgumentException: Can not set io.appium.java_client.android.AndroidElement field pages.PageObjectHalamanAwal.guideLogin1 to org.openqa.selenium.remote.RemoteWebElement$$EnhancerByCGLIB$$d27c0df4
at sun.reflect.UnsafeFieldAccessorImpl.throwSetIllegalArgumentException(UnsafeFieldAccessorImpl.java:167)
at sun.reflect.UnsafeFieldAccessorImpl.throwSetIllegalArgumentException(UnsafeFieldAccessorImpl.java:171)
at sun.reflect.UnsafeObjectFieldAccessorImpl.set(UnsafeObjectFieldAccessorImpl.java:81)
at java.lang.reflect.Field.set(Field.java:764)
at org.openqa.selenium.support.PageFactory.proxyFields(PageFactory.java:117)
at org.openqa.selenium.support.PageFactory.initElements(PageFactory.java:105)
at pages.BasePage.<init>(BasePage.java:16)
at pages.PageObjectHalamanAwal.<init>(PageObjectHalamanAwal.java:10)
at Login.halamanAwalKodePos(Login.java:27)
at sun.reflect.NativeMethodAccessorImpl.invoke0(Native Method)
at sun.reflect.NativeMethodAccessorImpl.invoke(NativeMethodAccessorImpl.java:62)
at sun.reflect.DelegatingMethodAccessorImpl.invoke(DelegatingMethodAccessorImpl.java:43)
at java.lang.reflect.Method.invoke(Method.java:498)
at org.testng.internal.MethodInvocationHelper.invokeMethod(MethodInvocationHelper.java:134)
at org.testng.internal.TestInvoker.invokeMethod(TestInvoker.java:597)
at org.testng.internal.TestInvoker.invokeTestMethod(TestInvoker.java:173)
at org.testng.internal.MethodRunner.runInSequence(MethodRunner.java:46)
at org.testng.internal.TestInvoker$MethodInvocationAgent.invoke(TestInvoker.java:816)
at org.testng.internal.TestInvoker.invokeTestMethods(TestInvoker.java:146)
at org.testng.internal.TestMethodWorker.invokeTestMethods(TestMethodWorker.java:146)
at org.testng.internal.TestMethodWorker.run(TestMethodWorker.java:128)
at java.util.ArrayList.forEach(ArrayList.java:1257)
at org.testng.TestRunner.privateRun(TestRunner.java:766)
at org.testng.TestRunner.run(TestRunner.java:587)
at org.testng.SuiteRunner.runTest(SuiteRunner.java:384)
at org.testng.SuiteRunner.runSequentially(SuiteRunner.java:378)
at org.testng.SuiteRunner.privateRun(SuiteRunner.java:337)
at org.testng.SuiteRunner.run(SuiteRunner.java:286)
at org.testng.SuiteRunnerWorker.runSuite(SuiteRunnerWorker.java:53)
at org.testng.SuiteRunnerWorker.run(SuiteRunnerWorker.java:96)
at org.testng.TestNG.runSuitesSequentially(TestNG.java:1187)
at org.testng.TestNG.runSuitesLocally(TestNG.java:1109)
at org.testng.TestNG.runSuites(TestNG.java:1039)
at org.testng.TestNG.run(TestNG.java:1007)
at org.apache.maven.surefire.testng.TestNGExecutor.run(TestNGExecutor.java:295)
at org.apache.maven.surefire.testng.TestNGXmlTestSuite.execute(TestNGXmlTestSuite.java:84)
at org.apache.maven.surefire.testng.TestNGProvider.invoke(TestNGProvider.java:90)
at org.apache.maven.surefire.booter.ForkedBooter.invokeProviderInSameClassLoader(ForkedBooter.java:203)
at org.apache.maven.surefire.booter.ForkedBooter.runSuitesInProcess(ForkedBooter.java:155)
at org.apache.maven.surefire.booter.ForkedBooter.main(ForkedBooter.java:103)
]]>
            </full-stacktrace>
          </exception> <!-- java.lang.IllegalArgumentException -->
          <reporter-output>
          </reporter-output>
        </test-method> <!-- halamanAwalKodePos -->
        <test-method status="PASS" signature="captureStatus(org.testng.ITestResult)[pri:0, instance:Login@57d7f8ca]" name="captureStatus" is-config="true" duration-ms="2" started-at="2020-06-02T15:30:51 ICT" finished-at="2020-06-02T15:30:51 ICT">
          <params>
            <param index="0">
              <value>
                <![CDATA[[TestResult name=halamanAwalKodePos status=FAILURE method=Login.halamanAwalKodePos()[pri:1, instance:Login@57d7f8ca] output={null}]]]>
              </value>
            </param>
          </params>
          <reporter-output>
          </reporter-output>
        </test-method> <!-- captureStatus -->
        <test-method status="FAIL" signature="loginSuccessfull()[pri:4, instance:Login@57d7f8ca]" name="loginSuccessfull" duration-ms="5000" started-at="2020-06-02T15:30:51 ICT" finished-at="2020-06-02T15:30:56 ICT">
          <exception class="java.lang.IllegalArgumentException">
            <message>
              <![CDATA[Can not set io.appium.java_client.android.AndroidElement field pages.PageObjectHalamanLogin.btnLogin to org.openqa.selenium.remote.RemoteWebElement$$EnhancerByCGLIB$$d27c0df4]]>
            </message>
            <full-stacktrace>
              <![CDATA[java.lang.IllegalArgumentException: Can not set io.appium.java_client.android.AndroidElement field pages.PageObjectHalamanLogin.btnLogin to org.openqa.selenium.remote.RemoteWebElement$$EnhancerByCGLIB$$d27c0df4
at sun.reflect.UnsafeFieldAccessorImpl.throwSetIllegalArgumentException(UnsafeFieldAccessorImpl.java:167)
at sun.reflect.UnsafeFieldAccessorImpl.throwSetIllegalArgumentException(UnsafeFieldAccessorImpl.java:171)
at sun.reflect.UnsafeObjectFieldAccessorImpl.set(UnsafeObjectFieldAccessorImpl.java:81)
at java.lang.reflect.Field.set(Field.java:764)
at org.openqa.selenium.support.PageFactory.proxyFields(PageFactory.java:117)
at org.openqa.selenium.support.PageFactory.initElements(PageFactory.java:105)
at pages.BasePage.<init>(BasePage.java:16)
at pages.PageObjectHalamanLogin.<init>(PageObjectHalamanLogin.java:11)
at Login.loginSuccessfull(Login.java:103)
at sun.reflect.NativeMethodAccessorImpl.invoke0(Native Method)
at sun.reflect.NativeMethodAccessorImpl.invoke(NativeMethodAccessorImpl.java:62)
at sun.reflect.DelegatingMethodAccessorImpl.invoke(DelegatingMethodAccessorImpl.java:43)
at java.lang.reflect.Method.invoke(Method.java:498)
at org.testng.internal.MethodInvocationHelper.invokeMethod(MethodInvocationHelper.java:134)
at org.testng.internal.TestInvoker.invokeMethod(TestInvoker.java:597)
at org.testng.internal.TestInvoker.invokeTestMethod(TestInvoker.java:173)
at org.testng.internal.MethodRunner.runInSequence(MethodRunner.java:46)
at org.testng.internal.TestInvoker$MethodInvocationAgent.invoke(TestInvoker.java:816)
at org.testng.internal.TestInvoker.invokeTestMethods(TestInvoker.java:146)
at org.testng.internal.TestMethodWorker.invokeTestMethods(TestMethodWorker.java:146)
at org.testng.internal.TestMethodWorker.run(TestMethodWorker.java:128)
at java.util.ArrayList.forEach(ArrayList.java:1257)
at org.testng.TestRunner.privateRun(TestRunner.java:766)
at org.testng.TestRunner.run(TestRunner.java:587)
at org.testng.SuiteRunner.runTest(SuiteRunner.java:384)
at org.testng.SuiteRunner.runSequentially(SuiteRunner.java:378)
at org.testng.SuiteRunner.privateRun(SuiteRunner.java:337)
at org.testng.SuiteRunner.run(SuiteRunner.java:286)
at org.testng.SuiteRunnerWorker.runSuite(SuiteRunnerWorker.java:53)
at org.testng.SuiteRunnerWorker.run(SuiteRunnerWorker.java:96)
at org.testng.TestNG.runSuitesSequentially(TestNG.java:1187)
at org.testng.TestNG.runSuitesLocally(TestNG.java:1109)
at org.testng.TestNG.runSuites(TestNG.java:1039)
at org.testng.TestNG.run(TestNG.java:1007)
at org.apache.maven.surefire.testng.TestNGExecutor.run(TestNGExecutor.java:295)
at org.apache.maven.surefire.testng.TestNGXmlTestSuite.execute(TestNGXmlTestSuite.java:84)
at org.apache.maven.surefire.testng.TestNGProvider.invoke(TestNGProvider.java:90)
at org.apache.maven.surefire.booter.ForkedBooter.invokeProviderInSameClassLoader(ForkedBooter.java:203)
at org.apache.maven.surefire.booter.ForkedBooter.runSuitesInProcess(ForkedBooter.java:155)
at org.apache.maven.surefire.booter.ForkedBooter.main(ForkedBooter.java:103)
]]>
            </full-stacktrace>
          </exception> <!-- java.lang.IllegalArgumentException -->
          <reporter-output>
          </reporter-output>
        </test-method> <!-- loginSuccessfull -->
        <test-method status="PASS" signature="register(java.lang.reflect.Method)[pri:0, instance:Login@57d7f8ca]" name="register" is-config="true" duration-ms="0" started-at="2020-06-02T15:30:51 ICT" finished-at="2020-06-02T15:30:51 ICT">
          <params>
            <param index="0">
              <value>
                <![CDATA[public void Login.loginSuccessfull()]]>
              </value>
            </param>
          </params>
          <reporter-output>
          </reporter-output>
        </test-method> <!-- register -->
        <test-method status="PASS" signature="captureStatus(org.testng.ITestResult)[pri:0, instance:Login@57d7f8ca]" name="captureStatus" is-config="true" duration-ms="1" started-at="2020-06-02T15:30:56 ICT" finished-at="2020-06-02T15:30:56 ICT">
          <params>
            <param index="0">
              <value>
                <![CDATA[[TestResult name=loginSuccessfull status=FAILURE method=Login.loginSuccessfull()[pri:4, instance:Login@57d7f8ca] output={null}]]]>
              </value>
            </param>
          </params>
          <reporter-output>
          </reporter-output>
        </test-method> <!-- captureStatus -->
        <test-method status="PASS" signature="register(java.lang.reflect.Method)[pri:0, instance:Login@57d7f8ca]" name="register" is-config="true" duration-ms="0" started-at="2020-06-02T15:30:56 ICT" finished-at="2020-06-02T15:30:56 ICT">
          <params>
            <param index="0">
              <value>
                <![CDATA[public void Login.logOut()]]>
              </value>
            </param>
          </params>
          <reporter-output>
          </reporter-output>
        </test-method> <!-- register -->
        <test-method status="PASS" signature="logOut()[pri:5, instance:Login@57d7f8ca]" name="logOut" duration-ms="7" started-at="2020-06-02T15:30:56 ICT" finished-at="2020-06-02T15:30:57 ICT">
          <reporter-output>
          </reporter-output>
        </test-method> <!-- logOut -->
        <test-method status="PASS" signature="captureStatus(org.testng.ITestResult)[pri:0, instance:Login@57d7f8ca]" name="captureStatus" is-config="true" duration-ms="1" started-at="2020-06-02T15:30:57 ICT" finished-at="2020-06-02T15:30:57 ICT">
          <params>
            <param index="0">
              <value>
                <![CDATA[[TestResult name=logOut status=SUCCESS method=Login.logOut()[pri:5, instance:Login@57d7f8ca] output={null}]]]>
              </value>
            </param>
          </params>
          <reporter-output>
          </reporter-output>
        </test-method> <!-- captureStatus -->
        <test-method status="PASS" signature="reportTeardown()[pri:0, instance:Login@57d7f8ca]" name="reportTeardown" is-config="true" duration-ms="474" started-at="2020-06-02T15:30:57 ICT" finished-at="2020-06-02T15:30:57 ICT">
          <reporter-output>
          </reporter-output>
        </test-method> <!-- reportTeardown -->
      </class> <!-- Login -->
    </test> <!-- D:/Test/OtomasiTesting -->
  </suite> <!-- Suite -->
  <suite name="Suite (0)" duration-ms="17619" started-at="2020-06-02T15:30:57 ICT" finished-at="2020-06-02T15:31:15 ICT">
    <groups>
    </groups>
    <test name="D:/Test/OtomasiTesting" duration-ms="17619" started-at="2020-06-02T15:30:57 ICT" finished-at="2020-06-02T15:31:15 ICT">
      <class name="UbahDataPersonalTestCase">
        <test-method status="PASS" signature="reportSetup()[pri:0, instance:UbahDataPersonalTestCase@771a660]" name="reportSetup" is-config="true" duration-ms="6" started-at="2020-06-02T15:30:57 ICT" finished-at="2020-06-02T15:30:57 ICT">
          <reporter-output>
          </reporter-output>
        </test-method> <!-- reportSetup -->
        <test-method status="PASS" signature="register(java.lang.reflect.Method)[pri:0, instance:UbahDataPersonalTestCase@771a660]" name="register" is-config="true" duration-ms="1" started-at="2020-06-02T15:30:57 ICT" finished-at="2020-06-02T15:30:57 ICT">
          <params>
            <param index="0">
              <value>
                <![CDATA[public void UbahDataPersonalTestCase.halamanAwalKodePos()]]>
              </value>
            </param>
          </params>
          <reporter-output>
          </reporter-output>
        </test-method> <!-- register -->
        <test-method status="FAIL" signature="halamanAwalKodePos()[pri:1, instance:UbahDataPersonalTestCase@771a660]" name="halamanAwalKodePos" duration-ms="7000" started-at="2020-06-02T15:30:57 ICT" finished-at="2020-06-02T15:31:04 ICT">
          <exception class="java.lang.IllegalArgumentException">
            <message>
              <![CDATA[Can not set io.appium.java_client.android.AndroidElement field pages.PageObjectHalamanAwal.guideLogin1 to org.openqa.selenium.remote.RemoteWebElement$$EnhancerByCGLIB$$d27c0df4]]>
            </message>
            <full-stacktrace>
              <![CDATA[java.lang.IllegalArgumentException: Can not set io.appium.java_client.android.AndroidElement field pages.PageObjectHalamanAwal.guideLogin1 to org.openqa.selenium.remote.RemoteWebElement$$EnhancerByCGLIB$$d27c0df4
at sun.reflect.UnsafeFieldAccessorImpl.throwSetIllegalArgumentException(UnsafeFieldAccessorImpl.java:167)
at sun.reflect.UnsafeFieldAccessorImpl.throwSetIllegalArgumentException(UnsafeFieldAccessorImpl.java:171)
at sun.reflect.UnsafeObjectFieldAccessorImpl.set(UnsafeObjectFieldAccessorImpl.java:81)
at java.lang.reflect.Field.set(Field.java:764)
at org.openqa.selenium.support.PageFactory.proxyFields(PageFactory.java:117)
at org.openqa.selenium.support.PageFactory.initElements(PageFactory.java:105)
at pages.BasePage.<init>(BasePage.java:16)
at pages.PageObjectHalamanAwal.<init>(PageObjectHalamanAwal.java:10)
at UbahDataPersonalTestCase.halamanAwalKodePos(UbahDataPersonalTestCase.java:32)
at sun.reflect.NativeMethodAccessorImpl.invoke0(Native Method)
at sun.reflect.NativeMethodAccessorImpl.invoke(NativeMethodAccessorImpl.java:62)
at sun.reflect.DelegatingMethodAccessorImpl.invoke(DelegatingMethodAccessorImpl.java:43)
at java.lang.reflect.Method.invoke(Method.java:498)
at org.testng.internal.MethodInvocationHelper.invokeMethod(MethodInvocationHelper.java:134)
at org.testng.internal.TestInvoker.invokeMethod(TestInvoker.java:597)
at org.testng.internal.TestInvoker.invokeTestMethod(TestInvoker.java:173)
at org.testng.internal.MethodRunner.runInSequence(MethodRunner.java:46)
at org.testng.internal.TestInvoker$MethodInvocationAgent.invoke(TestInvoker.java:816)
at org.testng.internal.TestInvoker.invokeTestMethods(TestInvoker.java:146)
at org.testng.internal.TestMethodWorker.invokeTestMethods(TestMethodWorker.java:146)
at org.testng.internal.TestMethodWorker.run(TestMethodWorker.java:128)
at java.util.ArrayList.forEach(ArrayList.java:1257)
at org.testng.TestRunner.privateRun(TestRunner.java:766)
at org.testng.TestRunner.run(TestRunner.java:587)
at org.testng.SuiteRunner.runTest(SuiteRunner.java:384)
at org.testng.SuiteRunner.runSequentially(SuiteRunner.java:378)
at org.testng.SuiteRunner.privateRun(SuiteRunner.java:337)
at org.testng.SuiteRunner.run(SuiteRunner.java:286)
at org.testng.SuiteRunnerWorker.runSuite(SuiteRunnerWorker.java:53)
at org.testng.SuiteRunnerWorker.run(SuiteRunnerWorker.java:96)
at org.testng.TestNG.runSuitesSequentially(TestNG.java:1187)
at org.testng.TestNG.runSuitesLocally(TestNG.java:1109)
at org.testng.TestNG.runSuites(TestNG.java:1039)
at org.testng.TestNG.run(TestNG.java:1007)
at org.apache.maven.surefire.testng.TestNGExecutor.run(TestNGExecutor.java:295)
at org.apache.maven.surefire.testng.TestNGXmlTestSuite.execute(TestNGXmlTestSuite.java:84)
at org.apache.maven.surefire.testng.TestNGProvider.invoke(TestNGProvider.java:90)
at org.apache.maven.surefire.booter.ForkedBooter.invokeProviderInSameClassLoader(ForkedBooter.java:203)
at org.apache.maven.surefire.booter.ForkedBooter.runSuitesInProcess(ForkedBooter.java:155)
at org.apache.maven.surefire.booter.ForkedBooter.main(ForkedBooter.java:103)
]]>
            </full-stacktrace>
          </exception> <!-- java.lang.IllegalArgumentException -->
          <reporter-output>
          </reporter-output>
        </test-method> <!-- halamanAwalKodePos -->
        <test-method status="PASS" signature="captureStatus(org.testng.ITestResult)[pri:0, instance:UbahDataPersonalTestCase@771a660]" name="captureStatus" is-config="true" duration-ms="1" started-at="2020-06-02T15:31:04 ICT" finished-at="2020-06-02T15:31:04 ICT">
          <params>
            <param index="0">
              <value>
                <![CDATA[[TestResult name=halamanAwalKodePos status=FAILURE method=UbahDataPersonalTestCase.halamanAwalKodePos()[pri:1, instance:UbahDataPersonalTestCase@771a660] output={null}]]]>
              </value>
            </param>
          </params>
          <reporter-output>
          </reporter-output>
        </test-method> <!-- captureStatus -->
        <test-method status="PASS" signature="register(java.lang.reflect.Method)[pri:0, instance:UbahDataPersonalTestCase@771a660]" name="register" is-config="true" duration-ms="1" started-at="2020-06-02T15:31:04 ICT" finished-at="2020-06-02T15:31:04 ICT">
          <params>
            <param index="0">
              <value>
                <![CDATA[public void UbahDataPersonalTestCase.loginSuccessfull()]]>
              </value>
            </param>
          </params>
          <reporter-output>
          </reporter-output>
        </test-method> <!-- register -->
        <test-method status="FAIL" signature="loginSuccessfull()[pri:2, instance:UbahDataPersonalTestCase@771a660]" name="loginSuccessfull" duration-ms="5000" started-at="2020-06-02T15:31:04 ICT" finished-at="2020-06-02T15:31:09 ICT">
          <exception class="java.lang.IllegalArgumentException">
            <message>
              <![CDATA[Can not set io.appium.java_client.android.AndroidElement field pages.PageObjectHalamanLogin.btnLogin to org.openqa.selenium.remote.RemoteWebElement$$EnhancerByCGLIB$$d27c0df4]]>
            </message>
            <full-stacktrace>
              <![CDATA[java.lang.IllegalArgumentException: Can not set io.appium.java_client.android.AndroidElement field pages.PageObjectHalamanLogin.btnLogin to org.openqa.selenium.remote.RemoteWebElement$$EnhancerByCGLIB$$d27c0df4
at sun.reflect.UnsafeFieldAccessorImpl.throwSetIllegalArgumentException(UnsafeFieldAccessorImpl.java:167)
at sun.reflect.UnsafeFieldAccessorImpl.throwSetIllegalArgumentException(UnsafeFieldAccessorImpl.java:171)
at sun.reflect.UnsafeObjectFieldAccessorImpl.set(UnsafeObjectFieldAccessorImpl.java:81)
at java.lang.reflect.Field.set(Field.java:764)
at org.openqa.selenium.support.PageFactory.proxyFields(PageFactory.java:117)
at org.openqa.selenium.support.PageFactory.initElements(PageFactory.java:105)
at pages.BasePage.<init>(BasePage.java:16)
at pages.PageObjectHalamanLogin.<init>(PageObjectHalamanLogin.java:11)
at UbahDataPersonalTestCase.loginSuccessfull(UbahDataPersonalTestCase.java:56)
at sun.reflect.NativeMethodAccessorImpl.invoke0(Native Method)
at sun.reflect.NativeMethodAccessorImpl.invoke(NativeMethodAccessorImpl.java:62)
at sun.reflect.DelegatingMethodAccessorImpl.invoke(DelegatingMethodAccessorImpl.java:43)
at java.lang.reflect.Method.invoke(Method.java:498)
at org.testng.internal.MethodInvocationHelper.invokeMethod(MethodInvocationHelper.java:134)
at org.testng.internal.TestInvoker.invokeMethod(TestInvoker.java:597)
at org.testng.internal.TestInvoker.invokeTestMethod(TestInvoker.java:173)
at org.testng.internal.MethodRunner.runInSequence(MethodRunner.java:46)
at org.testng.internal.TestInvoker$MethodInvocationAgent.invoke(TestInvoker.java:816)
at org.testng.internal.TestInvoker.invokeTestMethods(TestInvoker.java:146)
at org.testng.internal.TestMethodWorker.invokeTestMethods(TestMethodWorker.java:146)
at org.testng.internal.TestMethodWorker.run(TestMethodWorker.java:128)
at java.util.ArrayList.forEach(ArrayList.java:1257)
at org.testng.TestRunner.privateRun(TestRunner.java:766)
at org.testng.TestRunner.run(TestRunner.java:587)
at org.testng.SuiteRunner.runTest(SuiteRunner.java:384)
at org.testng.SuiteRunner.runSequentially(SuiteRunner.java:378)
at org.testng.SuiteRunner.privateRun(SuiteRunner.java:337)
at org.testng.SuiteRunner.run(SuiteRunner.java:286)
at org.testng.SuiteRunnerWorker.runSuite(SuiteRunnerWorker.java:53)
at org.testng.SuiteRunnerWorker.run(SuiteRunnerWorker.java:96)
at org.testng.TestNG.runSuitesSequentially(TestNG.java:1187)
at org.testng.TestNG.runSuitesLocally(TestNG.java:1109)
at org.testng.TestNG.runSuites(TestNG.java:1039)
at org.testng.TestNG.run(TestNG.java:1007)
at org.apache.maven.surefire.testng.TestNGExecutor.run(TestNGExecutor.java:295)
at org.apache.maven.surefire.testng.TestNGXmlTestSuite.execute(TestNGXmlTestSuite.java:84)
at org.apache.maven.surefire.testng.TestNGProvider.invoke(TestNGProvider.java:90)
at org.apache.maven.surefire.booter.ForkedBooter.invokeProviderInSameClassLoader(ForkedBooter.java:203)
at org.apache.maven.surefire.booter.ForkedBooter.runSuitesInProcess(ForkedBooter.java:155)
at org.apache.maven.surefire.booter.ForkedBooter.main(ForkedBooter.java:103)
]]>
            </full-stacktrace>
          </exception> <!-- java.lang.IllegalArgumentException -->
          <reporter-output>
          </reporter-output>
        </test-method> <!-- loginSuccessfull -->
        <test-method status="PASS" signature="captureStatus(org.testng.ITestResult)[pri:0, instance:UbahDataPersonalTestCase@771a660]" name="captureStatus" is-config="true" duration-ms="1" started-at="2020-06-02T15:31:09 ICT" finished-at="2020-06-02T15:31:09 ICT">
          <params>
            <param index="0">
              <value>
                <![CDATA[[TestResult name=loginSuccessfull status=FAILURE method=UbahDataPersonalTestCase.loginSuccessfull()[pri:2, instance:UbahDataPersonalTestCase@771a660] output={null}]]]>
              </value>
            </param>
          </params>
          <reporter-output>
          </reporter-output>
        </test-method> <!-- captureStatus -->
        <test-method status="FAIL" signature="halamanEditProfil()[pri:3, instance:UbahDataPersonalTestCase@771a660]" name="halamanEditProfil" duration-ms="5002" started-at="2020-06-02T15:31:09 ICT" finished-at="2020-06-02T15:31:14 ICT">
          <exception class="java.lang.IllegalArgumentException">
            <message>
              <![CDATA[Can not set io.appium.java_client.android.AndroidElement field pages.PageObjectHalamanPersonal.btnHalamanPersonal to org.openqa.selenium.remote.RemoteWebElement$$EnhancerByCGLIB$$d27c0df4]]>
            </message>
            <full-stacktrace>
              <![CDATA[java.lang.IllegalArgumentException: Can not set io.appium.java_client.android.AndroidElement field pages.PageObjectHalamanPersonal.btnHalamanPersonal to org.openqa.selenium.remote.RemoteWebElement$$EnhancerByCGLIB$$d27c0df4
at sun.reflect.UnsafeFieldAccessorImpl.throwSetIllegalArgumentException(UnsafeFieldAccessorImpl.java:167)
at sun.reflect.UnsafeFieldAccessorImpl.throwSetIllegalArgumentException(UnsafeFieldAccessorImpl.java:171)
at sun.reflect.UnsafeObjectFieldAccessorImpl.set(UnsafeObjectFieldAccessorImpl.java:81)
at java.lang.reflect.Field.set(Field.java:764)
at org.openqa.selenium.support.PageFactory.proxyFields(PageFactory.java:117)
at org.openqa.selenium.support.PageFactory.initElements(PageFactory.java:105)
at pages.BasePage.<init>(BasePage.java:16)
at pages.PageObjectHalamanPersonal.<init>(PageObjectHalamanPersonal.java:10)
at UbahDataPersonalTestCase.halamanEditProfil(UbahDataPersonalTestCase.java:89)
at sun.reflect.NativeMethodAccessorImpl.invoke0(Native Method)
at sun.reflect.NativeMethodAccessorImpl.invoke(NativeMethodAccessorImpl.java:62)
at sun.reflect.DelegatingMethodAccessorImpl.invoke(DelegatingMethodAccessorImpl.java:43)
at java.lang.reflect.Method.invoke(Method.java:498)
at org.testng.internal.MethodInvocationHelper.invokeMethod(MethodInvocationHelper.java:134)
at org.testng.internal.TestInvoker.invokeMethod(TestInvoker.java:597)
at org.testng.internal.TestInvoker.invokeTestMethod(TestInvoker.java:173)
at org.testng.internal.MethodRunner.runInSequence(MethodRunner.java:46)
at org.testng.internal.TestInvoker$MethodInvocationAgent.invoke(TestInvoker.java:816)
at org.testng.internal.TestInvoker.invokeTestMethods(TestInvoker.java:146)
at org.testng.internal.TestMethodWorker.invokeTestMethods(TestMethodWorker.java:146)
at org.testng.internal.TestMethodWorker.run(TestMethodWorker.java:128)
at java.util.ArrayList.forEach(ArrayList.java:1257)
at org.testng.TestRunner.privateRun(TestRunner.java:766)
at org.testng.TestRunner.run(TestRunner.java:587)
at org.testng.SuiteRunner.runTest(SuiteRunner.java:384)
at org.testng.SuiteRunner.runSequentially(SuiteRunner.java:378)
at org.testng.SuiteRunner.privateRun(SuiteRunner.java:337)
at org.testng.SuiteRunner.run(SuiteRunner.java:286)
at org.testng.SuiteRunnerWorker.runSuite(SuiteRunnerWorker.java:53)
at org.testng.SuiteRunnerWorker.run(SuiteRunnerWorker.java:96)
at org.testng.TestNG.runSuitesSequentially(TestNG.java:1187)
at org.testng.TestNG.runSuitesLocally(TestNG.java:1109)
at org.testng.TestNG.runSuites(TestNG.java:1039)
at org.testng.TestNG.run(TestNG.java:1007)
at org.apache.maven.surefire.testng.TestNGExecutor.run(TestNGExecutor.java:295)
at org.apache.maven.surefire.testng.TestNGXmlTestSuite.execute(TestNGXmlTestSuite.java:84)
at org.apache.maven.surefire.testng.TestNGProvider.invoke(TestNGProvider.java:90)
at org.apache.maven.surefire.booter.ForkedBooter.invokeProviderInSameClassLoader(ForkedBooter.java:203)
at org.apache.maven.surefire.booter.ForkedBooter.runSuitesInProcess(ForkedBooter.java:155)
at org.apache.maven.surefire.booter.ForkedBooter.main(ForkedBooter.java:103)
]]>
            </full-stacktrace>
          </exception> <!-- java.lang.IllegalArgumentException -->
          <reporter-output>
          </reporter-output>
        </test-method> <!-- halamanEditProfil -->
        <test-method status="PASS" signature="register(java.lang.reflect.Method)[pri:0, instance:UbahDataPersonalTestCase@771a660]" name="register" is-config="true" duration-ms="0" started-at="2020-06-02T15:31:09 ICT" finished-at="2020-06-02T15:31:09 ICT">
          <params>
            <param index="0">
              <value>
                <![CDATA[public void UbahDataPersonalTestCase.halamanEditProfil()]]>
              </value>
            </param>
          </params>
          <reporter-output>
          </reporter-output>
        </test-method> <!-- register -->
        <test-method status="PASS" signature="captureStatus(org.testng.ITestResult)[pri:0, instance:UbahDataPersonalTestCase@771a660]" name="captureStatus" is-config="true" duration-ms="1" started-at="2020-06-02T15:31:14 ICT" finished-at="2020-06-02T15:31:14 ICT">
          <params>
            <param index="0">
              <value>
                <![CDATA[[TestResult name=halamanEditProfil status=FAILURE method=UbahDataPersonalTestCase.halamanEditProfil()[pri:3, instance:UbahDataPersonalTestCase@771a660] output={null}]]]>
              </value>
            </param>
          </params>
          <reporter-output>
          </reporter-output>
        </test-method> <!-- captureStatus -->
        <test-method status="PASS" signature="register(java.lang.reflect.Method)[pri:0, instance:UbahDataPersonalTestCase@771a660]" name="register" is-config="true" duration-ms="1" started-at="2020-06-02T15:31:14 ICT" finished-at="2020-06-02T15:31:14 ICT">
          <params>
            <param index="0">
              <value>
                <![CDATA[public void UbahDataPersonalTestCase.iSakuConnect()]]>
              </value>
            </param>
          </params>
          <reporter-output>
          </reporter-output>
        </test-method> <!-- register -->
        <test-method status="PASS" signature="iSakuConnect()[pri:4, instance:UbahDataPersonalTestCase@771a660]" name="iSakuConnect" duration-ms="600" started-at="2020-06-02T15:31:14 ICT" finished-at="2020-06-02T15:31:15 ICT">
          <reporter-output>
          </reporter-output>
        </test-method> <!-- iSakuConnect -->
        <test-method status="PASS" signature="captureStatus(org.testng.ITestResult)[pri:0, instance:UbahDataPersonalTestCase@771a660]" name="captureStatus" is-config="true" duration-ms="1" started-at="2020-06-02T15:31:15 ICT" finished-at="2020-06-02T15:31:15 ICT">
          <params>
            <param index="0">
              <value>
                <![CDATA[[TestResult name=iSakuConnect status=SUCCESS method=UbahDataPersonalTestCase.iSakuConnect()[pri:4, instance:UbahDataPersonalTestCase@771a660] output={null}]]]>
              </value>
            </param>
          </params>
          <reporter-output>
          </reporter-output>
        </test-method> <!-- captureStatus -->
        <test-method status="PASS" signature="reportTeardown()[pri:0, instance:UbahDataPersonalTestCase@771a660]" name="reportTeardown" is-config="true" duration-ms="52" started-at="2020-06-02T15:31:15 ICT" finished-at="2020-06-02T15:31:15 ICT">
          <reporter-output>
          </reporter-output>
        </test-method> <!-- reportTeardown -->
      </class> <!-- UbahDataPersonalTestCase -->
    </test> <!-- D:/Test/OtomasiTesting -->
  </suite> <!-- Suite (0) -->
</testng-results>
