-------------------------------------------------------------------------------
Test set: TestSuite
-------------------------------------------------------------------------------
Tests run: 7, Failures: 7, Errors: 0, Skipped: 0, Time elapsed: 227.067 sec <<< FAILURE! - in TestSuite
halamanAwalKodePos(TransaksiVersi20)  Time elapsed: 19.009 sec  <<< FAILURE!
java.lang.IllegalArgumentException: Can not set io.appium.java_client.android.AndroidElement field pages.PageObjectHalamanAwal.guideLogin1 to org.openqa.selenium.remote.RemoteWebElement$$EnhancerByCGLIB$$d27c0df4
	at sun.reflect.UnsafeFieldAccessorImpl.throwSetIllegalArgumentException(UnsafeFieldAccessorImpl.java:167)
	at sun.reflect.UnsafeFieldAccessorImpl.throwSetIllegalArgumentException(UnsafeFieldAccessorImpl.java:171)
	at sun.reflect.UnsafeObjectFieldAccessorImpl.set(UnsafeObjectFieldAccessorImpl.java:81)
	at java.lang.reflect.Field.set(Field.java:764)
	at org.openqa.selenium.support.PageFactory.proxyFields(PageFactory.java:117)
	at org.openqa.selenium.support.PageFactory.initElements(PageFactory.java:105)
	at pages.BasePage.<init>(BasePage.java:16)
	at pages.PageObjectHalamanAwal.<init>(PageObjectHalamanAwal.java:10)
	at TransaksiVersi20.halamanAwalKodePos(TransaksiVersi20.java:24)

loginSuccessfull(TransaksiVersi20)  Time elapsed: 5.004 sec  <<< FAILURE!
java.lang.IllegalArgumentException: Can not set io.appium.java_client.android.AndroidElement field pages.PageObjectHalamanLogin.textHalamanLogin to org.openqa.selenium.remote.RemoteWebElement$$EnhancerByCGLIB$$d27c0df4
	at sun.reflect.UnsafeFieldAccessorImpl.throwSetIllegalArgumentException(UnsafeFieldAccessorImpl.java:167)
	at sun.reflect.UnsafeFieldAccessorImpl.throwSetIllegalArgumentException(UnsafeFieldAccessorImpl.java:171)
	at sun.reflect.UnsafeObjectFieldAccessorImpl.set(UnsafeObjectFieldAccessorImpl.java:81)
	at java.lang.reflect.Field.set(Field.java:764)
	at org.openqa.selenium.support.PageFactory.proxyFields(PageFactory.java:117)
	at org.openqa.selenium.support.PageFactory.initElements(PageFactory.java:105)
	at pages.BasePage.<init>(BasePage.java:16)
	at pages.PageObjectHalamanLogin.<init>(PageObjectHalamanLogin.java:11)
	at TransaksiVersi20.loginSuccessfull(TransaksiVersi20.java:65)

transaksiKolomPencarian(TransaksiVersi20)  Time elapsed: 5.004 sec  <<< FAILURE!
java.lang.IllegalArgumentException: Can not set io.appium.java_client.android.AndroidElement field pages.PageObjectHalamanBeranda.btnSearchProduct to org.openqa.selenium.remote.RemoteWebElement$$EnhancerByCGLIB$$d27c0df4
	at sun.reflect.UnsafeFieldAccessorImpl.throwSetIllegalArgumentException(UnsafeFieldAccessorImpl.java:167)
	at sun.reflect.UnsafeFieldAccessorImpl.throwSetIllegalArgumentException(UnsafeFieldAccessorImpl.java:171)
	at sun.reflect.UnsafeObjectFieldAccessorImpl.set(UnsafeObjectFieldAccessorImpl.java:81)
	at java.lang.reflect.Field.set(Field.java:764)
	at org.openqa.selenium.support.PageFactory.proxyFields(PageFactory.java:117)
	at org.openqa.selenium.support.PageFactory.initElements(PageFactory.java:105)
	at pages.BasePage.<init>(BasePage.java:16)
	at pages.PageObjectHalamanBeranda.<init>(PageObjectHalamanBeranda.java:10)
	at TransaksiVersi20.transaksiKolomPencarian(TransaksiVersi20.java:106)

transaksiKolomPencarian2(TransaksiVersi20)  Time elapsed: 5.003 sec  <<< FAILURE!
java.lang.IllegalArgumentException: Can not set io.appium.java_client.android.AndroidElement field pages.PageObjectHalamanBeranda.btnSearchProduct to org.openqa.selenium.remote.RemoteWebElement$$EnhancerByCGLIB$$d27c0df4
	at sun.reflect.UnsafeFieldAccessorImpl.throwSetIllegalArgumentException(UnsafeFieldAccessorImpl.java:167)
	at sun.reflect.UnsafeFieldAccessorImpl.throwSetIllegalArgumentException(UnsafeFieldAccessorImpl.java:171)
	at sun.reflect.UnsafeObjectFieldAccessorImpl.set(UnsafeObjectFieldAccessorImpl.java:81)
	at java.lang.reflect.Field.set(Field.java:764)
	at org.openqa.selenium.support.PageFactory.proxyFields(PageFactory.java:117)
	at org.openqa.selenium.support.PageFactory.initElements(PageFactory.java:105)
	at pages.BasePage.<init>(BasePage.java:16)
	at pages.PageObjectHalamanBeranda.<init>(PageObjectHalamanBeranda.java:10)
	at TransaksiVersi20.transaksiKolomPencarian2(TransaksiVersi20.java:165)

shoppingCart(TransaksiVersi20)  Time elapsed: 5.001 sec  <<< FAILURE!
java.lang.IllegalArgumentException: Can not set io.appium.java_client.android.AndroidElement field pages.PageObjectTransaksi.btnPayNow to org.openqa.selenium.remote.RemoteWebElement$$EnhancerByCGLIB$$d27c0df4
	at sun.reflect.UnsafeFieldAccessorImpl.throwSetIllegalArgumentException(UnsafeFieldAccessorImpl.java:167)
	at sun.reflect.UnsafeFieldAccessorImpl.throwSetIllegalArgumentException(UnsafeFieldAccessorImpl.java:171)
	at sun.reflect.UnsafeObjectFieldAccessorImpl.set(UnsafeObjectFieldAccessorImpl.java:81)
	at java.lang.reflect.Field.set(Field.java:764)
	at org.openqa.selenium.support.PageFactory.proxyFields(PageFactory.java:117)
	at org.openqa.selenium.support.PageFactory.initElements(PageFactory.java:105)
	at pages.BasePage.<init>(BasePage.java:16)
	at pages.PageObjectTransaksi.<init>(PageObjectTransaksi.java:10)
	at TransaksiVersi20.shoppingCart(TransaksiVersi20.java:221)

checkOutProdukCampurAmbildiToko(TransaksiVersi20)  Time elapsed: 5.004 sec  <<< FAILURE!
java.lang.IllegalArgumentException: Can not set io.appium.java_client.android.AndroidElement field pages.PageObjectTransaksi.btnPayNow to org.openqa.selenium.remote.RemoteWebElement$$EnhancerByCGLIB$$d27c0df4
	at sun.reflect.UnsafeFieldAccessorImpl.throwSetIllegalArgumentException(UnsafeFieldAccessorImpl.java:167)
	at sun.reflect.UnsafeFieldAccessorImpl.throwSetIllegalArgumentException(UnsafeFieldAccessorImpl.java:171)
	at sun.reflect.UnsafeObjectFieldAccessorImpl.set(UnsafeObjectFieldAccessorImpl.java:81)
	at java.lang.reflect.Field.set(Field.java:764)
	at org.openqa.selenium.support.PageFactory.proxyFields(PageFactory.java:117)
	at org.openqa.selenium.support.PageFactory.initElements(PageFactory.java:105)
	at pages.BasePage.<init>(BasePage.java:16)
	at pages.PageObjectTransaksi.<init>(PageObjectTransaksi.java:10)
	at TransaksiVersi20.checkOutProdukCampurAmbildiToko(TransaksiVersi20.java:313)

pembayaranCIMBNiagaRekPon(TransaksiVersi20)  Time elapsed: 0.002 sec  <<< FAILURE!
java.lang.IllegalArgumentException: Can not set io.appium.java_client.android.AndroidElement field pages.PageObjectTransaksi.btnPayNow to org.openqa.selenium.remote.RemoteWebElement$$EnhancerByCGLIB$$d27c0df4
	at sun.reflect.UnsafeFieldAccessorImpl.throwSetIllegalArgumentException(UnsafeFieldAccessorImpl.java:167)
	at sun.reflect.UnsafeFieldAccessorImpl.throwSetIllegalArgumentException(UnsafeFieldAccessorImpl.java:171)
	at sun.reflect.UnsafeObjectFieldAccessorImpl.set(UnsafeObjectFieldAccessorImpl.java:81)
	at java.lang.reflect.Field.set(Field.java:764)
	at org.openqa.selenium.support.PageFactory.proxyFields(PageFactory.java:117)
	at org.openqa.selenium.support.PageFactory.initElements(PageFactory.java:105)
	at pages.BasePage.<init>(BasePage.java:16)
	at pages.PageObjectTransaksi.<init>(PageObjectTransaksi.java:10)
	at TransaksiVersi20.pembayaranCIMBNiagaRekPon(TransaksiVersi20.java:409)

